\BOOKMARK [0][-]{chapter.1}{\376\377\000M\000a\000i\000n\000p\000a\000g\000e}{}% 1
\BOOKMARK [0][-]{chapter.2}{\376\377\000A\000P\000I}{}% 2
\BOOKMARK [0][-]{chapter.3}{\376\377\000D\000o\000c\000u\000m\000e\000n\000t\000a\000t\000i\000o\000n}{}% 3
\BOOKMARK [0][-]{chapter.4}{\376\377\000d\000o\000x\000y\000g\000e\000n\000-\000d\000e\000m\000o}{}% 4
\BOOKMARK [0][-]{chapter.5}{\376\377\000C\000l\000a\000s\000s\000\040\000I\000n\000d\000e\000x}{}% 5
\BOOKMARK [1][-]{section.5.1}{\376\377\000C\000l\000a\000s\000s\000\040\000L\000i\000s\000t}{chapter.5}% 6
\BOOKMARK [0][-]{chapter.6}{\376\377\000F\000i\000l\000e\000\040\000I\000n\000d\000e\000x}{}% 7
\BOOKMARK [1][-]{section.6.1}{\376\377\000F\000i\000l\000e\000\040\000L\000i\000s\000t}{chapter.6}% 8
\BOOKMARK [0][-]{chapter.7}{\376\377\000C\000l\000a\000s\000s\000\040\000D\000o\000c\000u\000m\000e\000n\000t\000a\000t\000i\000o\000n}{}% 9
\BOOKMARK [1][-]{section.7.1}{\376\377\000C\000a\000r\000\040\000C\000l\000a\000s\000s\000\040\000R\000e\000f\000e\000r\000e\000n\000c\000e}{chapter.7}% 10
\BOOKMARK [2][-]{subsection.7.1.1}{\376\377\000D\000e\000t\000a\000i\000l\000e\000d\000\040\000D\000e\000s\000c\000r\000i\000p\000t\000i\000o\000n}{section.7.1}% 11
\BOOKMARK [2][-]{subsection.7.1.2}{\376\377\000C\000o\000n\000s\000t\000r\000u\000c\000t\000o\000r\000\040\000\046\000\040\000D\000e\000s\000t\000r\000u\000c\000t\000o\000r\000\040\000D\000o\000c\000u\000m\000e\000n\000t\000a\000t\000i\000o\000n}{section.7.1}% 12
\BOOKMARK [3][-]{subsubsection.7.1.2.1}{\376\377\000C\000a\000r\000\050\000\051}{subsection.7.1.2}% 13
\BOOKMARK [2][-]{subsection.7.1.3}{\376\377\000M\000e\000m\000b\000e\000r\000\040\000F\000u\000n\000c\000t\000i\000o\000n\000\040\000D\000o\000c\000u\000m\000e\000n\000t\000a\000t\000i\000o\000n}{section.7.1}% 14
\BOOKMARK [3][-]{subsubsection.7.1.3.1}{\376\377\000g\000e\000t\000C\000o\000s\000t\000\050\000\051}{subsection.7.1.3}% 15
\BOOKMARK [3][-]{subsubsection.7.1.3.2}{\376\377\000g\000e\000t\000M\000a\000k\000e\000\050\000\051}{subsection.7.1.3}% 16
\BOOKMARK [3][-]{subsubsection.7.1.3.3}{\376\377\000g\000e\000t\000M\000o\000d\000e\000l\000\050\000\051}{subsection.7.1.3}% 17
\BOOKMARK [3][-]{subsubsection.7.1.3.4}{\376\377\000g\000e\000t\000Y\000e\000a\000r\000\050\000\051}{subsection.7.1.3}% 18
\BOOKMARK [3][-]{subsubsection.7.1.3.5}{\376\377\000h\000i\000g\000h\000C\000l\000a\000s\000s\000\050\000\051}{subsection.7.1.3}% 19
\BOOKMARK [0][-]{chapter.8}{\376\377\000F\000i\000l\000e\000\040\000D\000o\000c\000u\000m\000e\000n\000t\000a\000t\000i\000o\000n}{}% 20
\BOOKMARK [1][-]{section.8.1}{\376\377\000C\000a\000r\000.\000c\000p\000p\000\040\000F\000i\000l\000e\000\040\000R\000e\000f\000e\000r\000e\000n\000c\000e}{chapter.8}% 21
\BOOKMARK [2][-]{subsection.8.1.1}{\376\377\000D\000e\000t\000a\000i\000l\000e\000d\000\040\000D\000e\000s\000c\000r\000i\000p\000t\000i\000o\000n}{section.8.1}% 22
\BOOKMARK [1][-]{section.8.2}{\376\377\000C\000a\000r\000.\000h\000\040\000F\000i\000l\000e\000\040\000R\000e\000f\000e\000r\000e\000n\000c\000e}{chapter.8}% 23
\BOOKMARK [2][-]{subsection.8.2.1}{\376\377\000D\000e\000t\000a\000i\000l\000e\000d\000\040\000D\000e\000s\000c\000r\000i\000p\000t\000i\000o\000n}{section.8.2}% 24
\BOOKMARK [1][-]{section.8.3}{\376\377\000M\000a\000i\000n\000.\000c\000p\000p\000\040\000F\000i\000l\000e\000\040\000R\000e\000f\000e\000r\000e\000n\000c\000e}{chapter.8}% 25
\BOOKMARK [2][-]{subsection.8.3.1}{\376\377\000D\000e\000t\000a\000i\000l\000e\000d\000\040\000D\000e\000s\000c\000r\000i\000p\000t\000i\000o\000n}{section.8.3}% 26
\BOOKMARK [2][-]{subsection.8.3.2}{\376\377\000F\000u\000n\000c\000t\000i\000o\000n\000\040\000D\000o\000c\000u\000m\000e\000n\000t\000a\000t\000i\000o\000n}{section.8.3}% 27
\BOOKMARK [3][-]{subsubsection.8.3.2.1}{\376\377\000m\000a\000i\000n\000\050\000\051}{subsection.8.3.2}% 28
\BOOKMARK [0][-]{section*.6}{\376\377\000I\000n\000d\000e\000x}{}% 29
